This is TeX, Version 3.14159 (Web2C 7.3.1) (format=latex 2001.10.30)  3 MAR 2005 18:48
**notes.tex
(notes.tex
LaTeX2e <1999/12/01> patch level 1
Babel <v3.6Z> and hyphenation patterns for american, french, german, ngerman, n
ohyphenation, loaded.
(/cs/1/pkgs/teTeX-1.0.7/share/texmf/tex/latex/base/article.cls
Document Class: article 1999/09/10 v1.4a Standard LaTeX document class
(/cs/1/pkgs/teTeX-1.0.7/share/texmf/tex/latex/base/size12.clo
File: size12.clo 1999/09/10 v1.4a Standard LaTeX file (size option)
)
\c@part=\count79
\c@section=\count80
\c@subsection=\count81
\c@subsubsection=\count82
\c@paragraph=\count83
\c@subparagraph=\count84
\c@figure=\count85
\c@table=\count86
\abovecaptionskip=\skip41
\belowcaptionskip=\skip42
\bibindent=\dimen102
)
(/h/21/glazer/doc/thesis/share/packages.tex
(/cs/1/pkgs/teTeX-1.0.7/share/texmf/tex/latex/tools/enumerate.sty
Package: enumerate 1999/03/05 v3.00 enumerate extensions (DPC)
\@enLab=\toks14
)
(/cs/1/pkgs/teTeX-1.0.7/share/texmf/tex/latex/misc/psfrag.sty
Package: psfrag 1998/04/11 v3.04 PSfrag (MCG)

(/cs/1/pkgs/teTeX-1.0.7/share/texmf/tex/latex/graphics/graphics.sty
Package: graphics 1999/02/16 v1.0l Standard LaTeX Graphics (DPC,SPQR)

(/cs/1/pkgs/teTeX-1.0.7/share/texmf/tex/latex/graphics/trig.sty
Package: trig 1999/03/16 v1.09 sin cos tan (DPC)
)
(/cs/1/pkgs/teTeX-1.0.7/share/texmf/tex/latex/config/graphics.cfg)
Package graphics Info: Driver file: dvips.def on input line 80.

(/cs/1/pkgs/teTeX-1.0.7/share/texmf/tex/latex/graphics/dvips.def
File: dvips.def 1999/02/16 v3.0i Driver-dependant file (DPC,SPQR)
))
\pfg@pcount=\count87
\pfg@scount=\count88
\pfg@temp=\write3
)
(/cs/1/pkgs/teTeX-1.0.7/share/texmf/tex/latex/amsfonts/amsfonts.sty
Package: amsfonts 1997/09/17 v2.2e
\@emptytoks=\toks15
\symAMSa=\mathgroup4
\symAMSb=\mathgroup5
LaTeX Font Info:    Overwriting math alphabet `\mathfrak' in version `bold'
(Font)                  U/euf/m/n --> U/euf/b/n on input line 133.
)
(/cs/1/pkgs/teTeX-1.0.7/share/texmf/tex/latex/amsfonts/amssymb.sty
Package: amssymb 1996/11/03 v2.2b
)
(/cs/1/pkgs/teTeX-1.0.7/share/texmf/tex/latex/amsmath/amsmath.sty
Package: amsmath 2000/01/15 v2.05 AMS math features
\@mathmargin=\skip43

For additional information on amsmath, use the `?' option.
(/cs/1/pkgs/teTeX-1.0.7/share/texmf/tex/latex/amsmath/amstext.sty
Package: amstext 1999/11/15 v2.0

(/cs/1/pkgs/teTeX-1.0.7/share/texmf/tex/latex/amsmath/amsgen.sty
File: amsgen.sty 1999/11/30 v2.0
\@emptytoks=\toks16
\ex@=\dimen103
))
(/cs/1/pkgs/teTeX-1.0.7/share/texmf/tex/latex/amsmath/amsbsy.sty
Package: amsbsy 1999/11/29 v1.2d
\pmbraise@=\dimen104
)
(/cs/1/pkgs/teTeX-1.0.7/share/texmf/tex/latex/amsmath/amsopn.sty
Package: amsopn 1999/12/14 v2.01 operator names
)
\inf@bad=\count89
LaTeX Info: Redefining \frac on input line 198.
\uproot@=\count90
\leftroot@=\count91
LaTeX Info: Redefining \overline on input line 302.
\classnum@=\count92
\DOTSCASE@=\count93
LaTeX Info: Redefining \ldots on input line 376.
LaTeX Info: Redefining \dots on input line 379.
LaTeX Info: Redefining \cdots on input line 464.
\Mathstrutbox@=\box26
\strutbox@=\box27
\big@size=\dimen105
LaTeX Font Info:    Redeclaring font encoding OML on input line 563.
LaTeX Font Info:    Redeclaring font encoding OMS on input line 564.
\macc@skew=\dimen106
\c@MaxMatrixCols=\count94
\dotsspace@=\muskip10
\c@parentequation=\count95
\dspbrk@lvl=\count96
\tag@help=\toks17
\row@=\count97
\column@=\count98
\maxfields@=\count99
\andhelp@=\toks18
\eqnshift@=\dimen107
\alignsep@=\dimen108
\tagshift@=\dimen109
\tagwidth@=\dimen110
\totwidth@=\dimen111
\lineht@=\dimen112
\@envbody=\toks19
\multlinegap=\skip44
\multlinetaggap=\skip45
LaTeX Info: Redefining \[ on input line 2594.
LaTeX Info: Redefining \] on input line 2595.
)
(/cs/1/pkgs/teTeX-1.0.7/share/texmf/tex/latex/amscls/amsthm.sty
Package: amsthm 2000/01/17 v2.03
\thm@style=\toks20
\thm@bodyfont=\toks21
\thm@headfont=\toks22
\thm@notefont=\toks23
\thm@headpunct=\toks24
\thm@preskip=\skip46
\thm@postskip=\skip47
\thm@headsep=\skip48
\dth@everypar=\toks25
)
(/common/TeX.local/share/texmf/tex/latex/html/url.sty
Package: url 1999/03/02  ver 1.4  Verb mode for urls, email addresses, and file
 names
)
(/cs/1/pkgs/teTeX-1.0.7/share/texmf/tex/latex/graphics/graphicx.sty
Package: graphicx 1999/02/16 v1.0f Enhanced LaTeX Graphics (DPC,SPQR)

(/cs/1/pkgs/teTeX-1.0.7/share/texmf/tex/latex/graphics/keyval.sty
Package: keyval 1999/03/16 v1.13 key=value parser (DPC)
\KV@toks@=\toks26
)
\Gin@req@height=\dimen113
\Gin@req@width=\dimen114
))
(/h/21/glazer/doc/thesis/share/narrow.tex)
(/h/21/glazer/doc/thesis/share/macros.tex)
(/h/21/glazer/doc/thesis/share/defs.tex) (notes.aux)
\openout1 = `notes.aux'.

LaTeX Font Info:    Checking defaults for OML/cmm/m/it on input line 19.
LaTeX Font Info:    ... okay on input line 19.
LaTeX Font Info:    Checking defaults for T1/cmr/m/n on input line 19.
LaTeX Font Info:    ... okay on input line 19.
LaTeX Font Info:    Checking defaults for OT1/cmr/m/n on input line 19.
LaTeX Font Info:    ... okay on input line 19.
LaTeX Font Info:    Checking defaults for OMS/cmsy/m/n on input line 19.
LaTeX Font Info:    ... okay on input line 19.
LaTeX Font Info:    Checking defaults for OMX/cmex/m/n on input line 19.
LaTeX Font Info:    ... okay on input line 19.
LaTeX Font Info:    Checking defaults for U/cmr/m/n on input line 19.
LaTeX Font Info:    ... okay on input line 19.
LaTeX Font Info:    Try loading font information for U+msa on input line 21.

(/cs/1/pkgs/teTeX-1.0.7/share/texmf/tex/latex/amsfonts/umsa.fd
File: umsa.fd 1995/01/05 v2.2e AMS font definitions
)
LaTeX Font Info:    Try loading font information for U+msb on input line 21.

(/cs/1/pkgs/teTeX-1.0.7/share/texmf/tex/latex/amsfonts/umsb.fd
File: umsb.fd 1995/01/05 v2.2e AMS font definitions
)
LaTeX Font Info:    Try loading font information for OMS+cmr on input line 26.

(/cs/1/pkgs/teTeX-1.0.7/share/texmf/tex/latex/base/omscmr.fd
File: omscmr.fd 1999/05/25 v2.5h Standard LaTeX font definitions
)
LaTeX Font Info:    Font shape `OMS/cmr/m/n' in size <12> not available
(Font)              Font shape `OMS/cmsy/m/n' tried instead on input line 26.
 [1

]
Overfull \hbox (4.2001pt too wide) in paragraph at lines 115--119
[]\OT1/cmr/m/n/12 To ver-ify that $(\OML/cmm/m/it/12 ^^K; ^^M\OT1/cmr/m/n/12 )$
 re-ally is the sig-na-ture of $\OML/cmm/m/it/12 m$ \OT1/cmr/m/n/12 with re-spe
ct to $(\OML/cmm/m/it/12 pub; pri\OT1/cmr/m/n/12 )$, $\OML/cmm/m/it/12 VER[]\OT
1/cmr/m/n/12 (\OML/cmm/m/it/12 pub; m; \OT1/cmr/m/n/12 (\OML/cmm/m/it/12 ^^K; ^
^M\OT1/cmr/m/n/12 ))$
 []


Overfull \hbox (9.32237pt too wide) in paragraph at lines 129--131
[]\OT1/cmr/m/n/12 In other words, $\OML/cmm/m/it/12 SIGN[]\OT1/cmr/m/n/12 (\OML
/cmm/m/it/12 pri; m\OT1/cmr/m/n/12 )$ al-ways out-puts a le-git-i-mate sig-na-t
ure (with re-spect to $(\OML/cmm/m/it/12 pub; pri\OT1/cmr/m/n/12 )$)
 []

[2] [3] [4] [5] [6] (notes.bbl [7]) [8] (notes.aux) ) 
Here is how much of TeX's memory you used:
 1650 strings out of 10901
 18120 string characters out of 71995
 69366 words of memory out of 700001
 4575 multiletter control sequences out of 10000+0
 13355 words of font info for 51 fonts, out of 400000 for 1000
 14 hyphenation exceptions out of 1000
 29i,6n,22p,271b,284s stack positions out of 300i,100n,500p,50000b,4000s

Output written on notes.dvi (8 pages, 37444 bytes).
